Warning: This is a nightly build of Foundry. It is recommended to use the latest stable version. To mute this warning set `FOUNDRY_DISABLE_NIGHTLY_WARNING` in your environment. 

No files changed, compilation skipped
Script ran successfully.

== Return ==
d: struct DeployStarkVerifier.Deployment Deployment({ cpuConstraintPoly: 0x5FbDB2315678afecb367f032d93F642f64180aa3, pedersenX: 0xe7f1725E7734CE288F8367e1Bb143E90bb3F0512, pedersenY: 0x9fE46736679d2D9a65F0992F2272dE9f3c7fa6e0, ecdsaX: 0xCf7Ed3AccA5a467e9e704C703E8D87F634fB0Fc9, ecdsaY: 0xDc64a140Aa3E981100a9becA4E685f962f0cF6C9, poseidonFR0: 0x5FC8d32690cc91D4c39d9d3abcBD16989F875707, poseidonFR1: 0x0165878A594ca255338adfa4d48449f69242Eb8F, poseidonFR2: 0xa513E6E4b8f2a923D98304ec87F64353C4D5C853, poseidonPR0: 0x2279B7A0a67DB372996a5FaB50D91eAA73d2eBe6, poseidonPR1: 0x8A791620dd6260079BF849Dc5567aDC3F2FdC318, cpuOods: 0x610178dA211FEF7D417bC0e6FeD39F05609AD788, memoryPageFactRegistry: 0xB7f8BC63BbcaD18155201308C8f3540b07f84F5e, merkleStatementContract: 0xA51c1fc2f0D1a1b8494Ed1FE312d7C3a78Ed91C0, friStatementContract: 0x0DCd1Bf9A1b36cE34237eEaFef220932846BCD82, cpuFrilessVerifier: 0x9A676e781A523b5d0C0e43731313A708CB607508, cairoBootloaderProgram: 0x0B306BF915C4d645ff596e518fAf3F9669b97016, gpsStatementVerifier: 0x959922bE3CAee4b8Cd9a407cc3ac1C251C2007B1 })

== Logs ==
  Periodic columns (layout 6 / starknet):
    CpuConstraintPoly:     0x5FbDB2315678afecb367f032d93F642f64180aa3
    PedersenX:             0xe7f1725E7734CE288F8367e1Bb143E90bb3F0512
    PedersenY:             0x9fE46736679d2D9a65F0992F2272dE9f3c7fa6e0
    EcdsaX:                0xCf7Ed3AccA5a467e9e704C703E8D87F634fB0Fc9
    EcdsaY:                0xDc64a140Aa3E981100a9becA4E685f962f0cF6C9
    PoseidonFR0:           0x5FC8d32690cc91D4c39d9d3abcBD16989F875707
    PoseidonFR1:           0x0165878A594ca255338adfa4d48449f69242Eb8F
    PoseidonFR2:           0xa513E6E4b8f2a923D98304ec87F64353C4D5C853
    PoseidonPR0:           0x2279B7A0a67DB372996a5FaB50D91eAA73d2eBe6
    PoseidonPR1:           0x8A791620dd6260079BF849Dc5567aDC3F2FdC318
  CpuOods (layout6):       0x610178dA211FEF7D417bC0e6FeD39F05609AD788
  MemoryPageFactRegistry:  0xB7f8BC63BbcaD18155201308C8f3540b07f84F5e
  MerkleStatementContract: 0xA51c1fc2f0D1a1b8494Ed1FE312d7C3a78Ed91C0
  FriStatementContract:    0x0DCd1Bf9A1b36cE34237eEaFef220932846BCD82
  CpuFrilessVerifier (layout6): 0x9A676e781A523b5d0C0e43731313A708CB607508
  CairoBootloaderProgram:  0x0B306BF915C4d645ff596e518fAf3F9669b97016
  GpsStatementVerifier:    0x959922bE3CAee4b8Cd9a407cc3ac1C251C2007B1
  
  ===== StarkWare mainnet `starknet` (layout 6) deployment =====
  GpsStatementVerifier (set STARK_VERIFIER_ADDR to this):
     0x959922bE3CAee4b8Cd9a407cc3ac1C251C2007B1
  cairoVerifierId: 6

## Setting up 1 EVM.

==========================

Chain 11155111

Estimated gas price: 1.103308703 gwei

Estimated total gas used for script: 40634088

Estimated amount required: 0.044831942928867864 ETH

==========================


==========================

ONCHAIN EXECUTION COMPLETE & SUCCESSFUL.

Transactions saved to: /workspace/broadcast/DeployStarkVerifier.s.sol/11155111/run-latest.json

Sensitive values saved to: /workspace/cache/DeployStarkVerifier.s.sol/11155111/run-latest.json

