No files changed, compilation skipped
Script ran successfully.

== Logs ==
  StarknetCoreStub deployed at: 0x9A9f2CCfdE556A7E9Ff0848998Aa4a0CFD8863AE
  Registry         deployed at: 0x68B1D87F95878fE05B998F19b66F4baba5De1aed
  Verifier         deployed at: 0x3Aa5ebB10DC797CAC828524e59A333d0A371443c
  CommandLog       deployed at: 0xc6e7DF5E7b4f2A278906862b61205850344D4e7d
  Registry.verifier set to Verifier address
  
  ======== L1 deployment summary ========
  StarknetCoreStub: 0x9A9f2CCfdE556A7E9Ff0848998Aa4a0CFD8863AE
  Registry:         0x68B1D87F95878fE05B998F19b66F4baba5De1aed
  Verifier:         0x3Aa5ebB10DC797CAC828524e59A333d0A371443c
  CommandLog:       0xc6e7DF5E7b4f2A278906862b61205850344D4e7d
  STARK verifier:   0x959922bE3CAee4b8Cd9a407cc3ac1C251C2007B1
  Owner / deployer: 0xf39Fd6e51aad88F6F4ce6aB8827279cffFb92266
  Commander (D):    0x14dC79964da2C08b23698B3D3cc7Ca32193d9955
  Alpha relay (F):  0x9965507D1a55bcC2695C58ba16FB37d819B0A4dc
  Bravo relay (B):  0x70997970C51812dc3A010C7d01b50e0d17dc79C8

## Setting up 1 EVM.

==========================

Chain 11155111

Estimated gas price: 0.008661451 gwei

Estimated total gas used for script: 4384103

Estimated amount required: 0.000037972693313453 ETH

==========================


==========================

ONCHAIN EXECUTION COMPLETE & SUCCESSFUL.

Transactions saved to: /workspace/broadcast/DeployL1.s.sol/11155111/run-latest.json

Sensitive values saved to: /workspace/cache/DeployL1.s.sol/11155111/run-latest.json

